# JRE version: Java(TM) SE Runtime Environment (21.0.1+12) (build 21.0.1+12-LTS-29)
# Java VM: Java HotSpot(TM) 64-Bit Server VM (21.0.1+12-LTS-29, mixed mode, sharing, tiered, compressed oops, compressed class ptrs, g1 gc, windows-amd64)
GC Precious Log:
 CardTable entry size: 512
 Card Set container configuration: InlinePtr #cards 4 size 8 Array Of Cards #cards 16 size 48 Howl #buckets 8 coarsen threshold 3686 Howl Bitmap #cards 512 size 80 coarsen threshold 460 Card regions per heap region 1 cards per card region 4096
 CPUs: 12 total, 12 available
 Memory: 16088M
 Large Page Support: Disabled
 NUMA Support: Disabled
 Compressed Oops: Enabled (Zero based)
 Heap Region Size: 2M
 Heap Min Capacity: 8M
 Heap Initial Capacity: 252M
 Heap Max Capacity: 4024M
 Pre-touch: Disabled
 Parallel Workers: 10
 Concurrent Workers: 3
 Concurrent Refinement Workers: 10
 Periodic GC: Disabled
Heap:
 garbage-first heap   total 157696K, used 31360K [0x0000000704800000, 0x0000000800000000)
  region size 2048K, 5 young (10240K), 2 survivors (4096K)
 Metaspace       used 51301K, committed 51776K, reserved 1114112K
  class space    used 7158K, committed 7424K, reserved 1048576K
GC Heap History (20 events):
Event: 4.617 GC heap before
{Heap before GC invocations=0 (full 0):
 garbage-first heap   total 258048K, used 20480K [0x0000000704800000, 0x0000000800000000)
  region size 2048K, 11 young (22528K), 0 survivors (0K)
 Metaspace       used 3646K, committed 3840K, reserved 1114112K
  class space    used 370K, committed 448K, reserved 1048576K
}
Event: 4.624 GC heap after
{Heap after GC invocations=1 (full 0):
 garbage-first heap   total 258048K, used 4255K [0x0000000704800000, 0x0000000800000000)
  region size 2048K, 2 young (4096K), 2 survivors (4096K)
 Metaspace       used 3646K, committed 3840K, reserved 1114112K
  class space    used 370K, committed 448K, reserved 1048576K
}
Event: 5.420 GC heap before
{Heap before GC invocations=1 (full 0):
 garbage-first heap   total 258048K, used 39071K [0x0000000704800000, 0x0000000800000000)
  region size 2048K, 19 young (38912K), 2 survivors (4096K)
 Metaspace       used 18576K, committed 18816K, reserved 1114112K
  class space    used 2177K, committed 2304K, reserved 1048576K
}
Event: 5.426 GC heap after
{Heap after GC invocations=2 (full 0):
 garbage-first heap   total 258048K, used 9343K [0x0000000704800000, 0x0000000800000000)
  region size 2048K, 3 young (6144K), 3 survivors (6144K)
 Metaspace       used 18576K, committed 18816K, reserved 1114112K
  class space    used 2177K, committed 2304K, reserved 1048576K
}
Event: 5.561 GC heap before
{Heap before GC invocations=2 (full 0):
 garbage-first heap   total 258048K, used 17535K [0x0000000704800000, 0x0000000800000000)
  region size 2048K, 8 young (16384K), 3 survivors (6144K)
 Metaspace       used 21309K, committed 21504K, reserved 1114112K
  class space    used 2558K, committed 2624K, reserved 1048576K
}
Event: 5.565 GC heap after
{Heap after GC invocations=3 (full 0):
 garbage-first heap   total 258048K, used 10043K [0x0000000704800000, 0x0000000800000000)
  region size 2048K, 1 young (2048K), 1 survivors (2048K)
 Metaspace       used 21309K, committed 21504K, reserved 1114112K
  class space    used 2558K, committed 2624K, reserved 1048576K
}
Event: 6.013 GC heap before
{Heap before GC invocations=4 (full 0):
 garbage-first heap   total 49152K, used 46907K [0x0000000704800000, 0x0000000800000000)
  region size 2048K, 18 young (36864K), 1 survivors (2048K)
 Metaspace       used 31185K, committed 31488K, reserved 1114112K
  class space    used 3840K, committed 3968K, reserved 1048576K
}
Event: 6.015 GC heap after
{Heap after GC invocations=5 (full 0):
 garbage-first heap   total 53248K, used 13774K [0x0000000704800000, 0x0000000800000000)
  region size 2048K, 2 young (4096K), 2 survivors (4096K)
 Metaspace       used 31185K, committed 31488K, reserved 1114112K
  class space    used 3840K, committed 3968K, reserved 1048576K
}
Event: 6.199 GC heap before
{Heap before GC invocations=5 (full 0):
 garbage-first heap   total 53248K, used 26062K [0x0000000704800000, 0x0000000800000000)
  region size 2048K, 9 young (18432K), 2 survivors (4096K)
 Metaspace       used 35781K, committed 36096K, reserved 1114112K
  class space    used 4590K, committed 4736K, reserved 1048576K
}
Event: 6.202 GC heap after
{Heap after GC invocations=6 (full 0):
 garbage-first heap   total 53248K, used 14204K [0x0000000704800000, 0x0000000800000000)
  region size 2048K, 2 young (4096K), 2 survivors (4096K)
 Metaspace       used 35781K, committed 36096K, reserved 1114112K
  class space    used 4590K, committed 4736K, reserved 1048576K
}
Event: 6.218 GC heap before
{Heap before GC invocations=6 (full 0):
 garbage-first heap   total 53248K, used 14204K [0x0000000704800000, 0x0000000800000000)
  region size 2048K, 3 young (6144K), 2 survivors (4096K)
 Metaspace       used 36093K, committed 36416K, reserved 1114112K
  class space    used 4642K, committed 4800K, reserved 1048576K
}
Event: 6.221 GC heap after
{Heap after GC invocations=7 (full 0):
 garbage-first heap   total 53248K, used 14174K [0x0000000704800000, 0x0000000800000000)
  region size 2048K, 1 young (2048K), 1 survivors (2048K)
 Metaspace       used 36093K, committed 36416K, reserved 1114112K
  class space    used 4642K, committed 4800K, reserved 1048576K
}
Event: 6.689 GC heap before
{Heap before GC invocations=8 (full 0):
 garbage-first heap   total 53248K, used 40798K [0x0000000704800000, 0x0000000800000000)
  region size 2048K, 15 young (30720K), 1 survivors (2048K)
 Metaspace       used 41902K, committed 42368K, reserved 1114112K
  class space    used 5538K, committed 5760K, reserved 1048576K
}
Event: 6.691 GC heap after
{Heap after GC invocations=9 (full 0):
 garbage-first heap   total 53248K, used 15477K [0x0000000704800000, 0x0000000800000000)
  region size 2048K, 1 young (2048K), 1 survivors (2048K)
 Metaspace       used 41902K, committed 42368K, reserved 1114112K
  class space    used 5538K, committed 5760K, reserved 1048576K
}
Event: 7.283 GC heap before
{Heap before GC invocations=9 (full 0):
 garbage-first heap   total 53248K, used 46197K [0x0000000704800000, 0x0000000800000000)
  region size 2048K, 15 young (30720K), 1 survivors (2048K)
 Metaspace       used 45399K, committed 45888K, reserved 1114112K
  class space    used 6114K, committed 6336K, reserved 1048576K
}
Event: 7.288 GC heap after
{Heap after GC invocations=10 (full 0):
 garbage-first heap   total 55296K, used 22735K [0x0000000704800000, 0x0000000800000000)
  region size 2048K, 2 young (4096K), 2 survivors (4096K)
 Metaspace       used 45399K, committed 45888K, reserved 1114112K
  class space    used 6114K, committed 6336K, reserved 1048576K
}
Event: 7.578 GC heap before
{Heap before GC invocations=10 (full 0):
 garbage-first heap   total 55296K, used 43215K [0x0000000704800000, 0x0000000800000000)
  region size 2048K, 13 young (26624K), 2 survivors (4096K)
 Metaspace       used 49563K, committed 50048K, reserved 1114112K
  class space    used 7016K, committed 7232K, reserved 1048576K
}
Event: 7.582 GC heap after
{Heap after GC invocations=11 (full 0):
 garbage-first heap   total 55296K, used 24783K [0x0000000704800000, 0x0000000800000000)
  region size 2048K, 1 young (2048K), 1 survivors (2048K)
 Metaspace       used 49563K, committed 50048K, reserved 1114112K
  class space    used 7016K, committed 7232K, reserved 1048576K
}
Event: 7.646 GC heap before
{Heap before GC invocations=11 (full 0):
 garbage-first heap   total 55296K, used 28879K [0x0000000704800000, 0x0000000800000000)
  region size 2048K, 4 young (8192K), 1 survivors (2048K)
 Metaspace       used 50351K, committed 50816K, reserved 1114112K
  class space    used 7115K, committed 7296K, reserved 1048576K
}
Event: 7.647 GC heap after
{Heap after GC invocations=12 (full 0):
 garbage-first heap   total 157696K, used 25216K [0x0000000704800000, 0x0000000800000000)
  region size 2048K, 2 young (4096K), 2 survivors (4096K)
 Metaspace       used 50351K, committed 50816K, reserved 1114112K
  class space    used 7115K, committed 7296K, reserved 1048576K
}

